#-----------------------------------------------------------
# Vivado v2022.2 (64-bit)
# SW Build 3671981 on Fri Oct 14 04:59:54 MDT 2022
# IP Build 3669848 on Fri Oct 14 08:30:02 MDT 2022
# Start of session at: Tue Aug 20 14:51:12 2024
# Process ID: 3933165
# Current directory: /home/lubin/deep-embedded-entomology/boards/zyboz7_tcu/hardware
# Command line: vivado -mode batch -source zyboz7_tcu.tcl
# Log file: /home/lubin/deep-embedded-entomology/boards/zyboz7_tcu/hardware/vivado.log
# Journal file: /home/lubin/deep-embedded-entomology/boards/zyboz7_tcu/hardware/vivado.jou
# Running On: imne1, OS: Linux, CPU Frequency: 4584.867 MHz, CPU Physical cores: 8, Host memory: 16559 MB
#-----------------------------------------------------------
source zyboz7_tcu.tcl
# proc checkRequiredFiles { origin_dir} {
#   set status true
#   set files [list \
#  "[file normalize "$origin_dir/zyboz7_tcu.srcs/sources_1/imports/hardware/bram_dp_128x2048.v"]"\
#  "[file normalize "$origin_dir/zyboz7_tcu.srcs/sources_1/imports/hardware/bram_dp_128x8192.v"]"\
#  "[file normalize "$origin_dir/zyboz7_tcu.srcs/sources_1/imports/hardware/top_zyboz7.v"]"\
#  "[file normalize "$origin_dir/zyboz7_tcu.srcs/sources_1/bd/tcu_zyboz7/tcu_zyboz7.bd"]"\
#  "[file normalize "$origin_dir/zyboz7_tcu.srcs/constrs_1/imports/Downloads/Zybo-Z7-Master.xdc"]"\
#  "[file normalize "$origin_dir/zyboz7_tcu.srcs/utils_1/imports/synth_1/tcu_zyboz7_wrapper.dcp"]"\
#   ]
#   foreach ifile $files {
#     if { ![file isfile $ifile] } {
#       puts " Could not find local file $ifile "
#       set status false
#     }
#   }
# 
#   return $status
# }
# set origin_dir "."
# if { [info exists ::origin_dir_loc] } {
#   set origin_dir $::origin_dir_loc
# }
# set _xil_proj_name_ "zyboz7_tcu"
# if { [info exists ::user_project_name] } {
#   set _xil_proj_name_ $::user_project_name
# }
# variable script_file
# set script_file "zyboz7_tcu.tcl"
# proc print_help {} {
#   variable script_file
#   puts "\nDescription:"
#   puts "Recreate a Vivado project from this script. The created project will be"
#   puts "functionally equivalent to the original project for which this script was"
#   puts "generated. The script contains commands for creating a project, filesets,"
#   puts "runs, adding/importing sources and setting properties on various objects.\n"
#   puts "Syntax:"
#   puts "$script_file"
#   puts "$script_file -tclargs \[--origin_dir <path>\]"
#   puts "$script_file -tclargs \[--project_name <name>\]"
#   puts "$script_file -tclargs \[--help\]\n"
#   puts "Usage:"
#   puts "Name                   Description"
#   puts "-------------------------------------------------------------------------"
#   puts "\[--origin_dir <path>\]  Determine source file paths wrt this path. Default"
#   puts "                       origin_dir path value is \".\", otherwise, the value"
#   puts "                       that was set with the \"-paths_relative_to\" switch"
#   puts "                       when this script was generated.\n"
#   puts "\[--project_name <name>\] Create project with the specified name. Default"
#   puts "                       name is the name of the project from where this"
#   puts "                       script was generated.\n"
#   puts "\[--help\]               Print help information for this script"
#   puts "-------------------------------------------------------------------------\n"
#   exit 0
# }
# if { $::argc > 0 } {
#   for {set i 0} {$i < $::argc} {incr i} {
#     set option [string trim [lindex $::argv $i]]
#     switch -regexp -- $option {
#       "--origin_dir"   { incr i; set origin_dir [lindex $::argv $i] }
#       "--project_name" { incr i; set _xil_proj_name_ [lindex $::argv $i] }
#       "--help"         { print_help }
#       default {
#         if { [regexp {^-} $option] } {
#           puts "ERROR: Unknown option '$option' specified, please type '$script_file -tclargs --help' for usage info.\n"
#           return 1
#         }
#       }
#     }
#   }
# }
# set orig_proj_dir "[file normalize "$origin_dir/"]"
# set validate_required 0
# if { $validate_required } {
#   if { [checkRequiredFiles $origin_dir] } {
#     puts "Tcl file $script_file is valid. All files required for project creation is accesable. "
#   } else {
#     puts "Tcl file $script_file is not valid. Not all files required for project creation is accesable. "
#     return
#   }
# }
# create_project ${_xil_proj_name_} ./${_xil_proj_name_} -part xc7z020clg400-1
# set proj_dir [get_property directory [current_project]]
# set obj [current_project]
# set_property -name "default_lib" -value "xil_defaultlib" -objects $obj
# set_property -name "enable_resource_estimation" -value "0" -objects $obj
# set_property -name "enable_vhdl_2008" -value "1" -objects $obj
# set_property -name "ip_cache_permissions" -value "read write" -objects $obj
# set_property -name "ip_output_repo" -value "$proj_dir/${_xil_proj_name_}.cache/ip" -objects $obj
# set_property -name "mem.enable_memory_map_generation" -value "1" -objects $obj
# set_property -name "part" -value "xc7z020clg400-1" -objects $obj
# set_property -name "revised_directory_structure" -value "1" -objects $obj
# set_property -name "sim.central_dir" -value "$proj_dir/${_xil_proj_name_}.ip_user_files" -objects $obj
# set_property -name "sim.ip.auto_export_scripts" -value "1" -objects $obj
# set_property -name "simulator_language" -value "Mixed" -objects $obj
# set_property -name "sim_compile_state" -value "1" -objects $obj
# set_property -name "xpm_libraries" -value "XPM_CDC XPM_FIFO XPM_MEMORY" -objects $obj
# if {[string equal [get_filesets -quiet sources_1] ""]} {
#   create_fileset -srcset sources_1
# }
# set obj [get_filesets sources_1]
# set files [list \
#  [file normalize "${origin_dir}/zyboz7_tcu.srcs/sources_1/imports/hardware/bram_dp_128x2048.v"]\
#  [file normalize "${origin_dir}/zyboz7_tcu.srcs/sources_1/imports/hardware/bram_dp_128x8192.v"]\
#  [file normalize "${origin_dir}/zyboz7_tcu.srcs/sources_1/imports/hardware/top_zyboz7.v"]\
#  [file normalize "${origin_dir}/zyboz7_tcu.srcs/sources_1/bd/tcu_zyboz7/tcu_zyboz7.bd"]\
# ]
INFO: [Project 1-1727] Source BDs should be added before importing the top BD /home/lubin/deep-embedded-entomology/boards/zyboz7_tcu/hardware/zyboz7_tcu.srcs/sources_1/bd/tcu_zyboz7/tcu_zyboz7.bd with BDC
INFO: [IP_Flow 19-234] Refreshing IP repositories
INFO: [IP_Flow 19-1704] No user IP repositories specified
INFO: [IP_Flow 19-2313] Loaded Vivado IP repository '/tools/Xilinx/Vivado/2022.2/data/ip'.
INFO: [IP_Flow 19-5107] Inferred bus interface 'instruction' of definition 'xilinx.com:interface:axis:1.0' (from Xilinx Repository).
INFO: [IP_Flow 19-5107] Inferred bus interface 'm_axi_dram0' of definition 'xilinx.com:interface:aximm:1.0' (from Xilinx Repository).
INFO: [IP_Flow 19-5107] Inferred bus interface 'm_axi_dram1' of definition 'xilinx.com:interface:aximm:1.0' (from Xilinx Repository).
INFO: [IP_Flow 19-5107] Inferred bus interface 'reset' of definition 'xilinx.com:signal:reset:1.0' (from Xilinx Repository).
INFO: [IP_Flow 19-5107] Inferred bus interface 'clock' of definition 'xilinx.com:signal:clock:1.0' (from Xilinx Repository).
INFO: [IP_Flow 19-4728] Bus Interface 'clock': Added interface parameter 'ASSOCIATED_BUSIF' with value 'instruction'.
INFO: [IP_Flow 19-4728] Bus Interface 'clock': Added interface parameter 'ASSOCIATED_RESET' with value 'reset'.
INFO: [IP_Flow 19-234] Refreshing IP repositories
INFO: [IP_Flow 19-1704] No user IP repositories specified
import_files: Time (s): cpu = 00:00:08 ; elapsed = 00:00:08 . Memory (MB): peak = 2005.223 ; gain = 299.254 ; free physical = 255 ; free virtual = 6058
# set imported_files [import_files -fileset sources_1 $files]
# if { [get_property IS_LOCKED [ get_files -norecurse tcu_zyboz7.bd] ] == 1  } {
#   import_files -fileset sources_1 [file normalize "${origin_dir}/zyboz7_tcu.gen/sources_1/bd/tcu_zyboz7/hdl/tcu_zyboz7_wrapper.v" ]
# } else {
#   set wrapper_path [make_wrapper -fileset sources_1 -files [ get_files -norecurse tcu_zyboz7.bd] -top]
#   add_files -norecurse -fileset sources_1 $wrapper_path
# }
WARNING: [BD 41-1282] Ignoring parameter HAS_BURST
WARNING: [BD 41-1281] Parameter HAS_BURST is not defined on /axi_dma_0/M_AXIS_MM2S. Setting parameter on /axi_dma_0/M_AXIS_MM2S failed
INFO: [IP_Flow 19-5107] Inferred bus interface 'instruction' of definition 'xilinx.com:interface:axis:1.0' (from Xilinx Repository).
INFO: [IP_Flow 19-5107] Inferred bus interface 'm_axi_dram0' of definition 'xilinx.com:interface:aximm:1.0' (from Xilinx Repository).
INFO: [IP_Flow 19-5107] Inferred bus interface 'm_axi_dram1' of definition 'xilinx.com:interface:aximm:1.0' (from Xilinx Repository).
INFO: [IP_Flow 19-5107] Inferred bus interface 'reset' of definition 'xilinx.com:signal:reset:1.0' (from Xilinx Repository).
INFO: [IP_Flow 19-5107] Inferred bus interface 'clock' of definition 'xilinx.com:signal:clock:1.0' (from Xilinx Repository).
INFO: [IP_Flow 19-4728] Bus Interface 'clock': Added interface parameter 'ASSOCIATED_BUSIF' with value 'instruction'.
INFO: [IP_Flow 19-4728] Bus Interface 'clock': Added interface parameter 'ASSOCIATED_RESET' with value 'reset'.
INFO: [IP_Flow 19-234] Refreshing IP repositories
INFO: [IP_Flow 19-1704] No user IP repositories specified
INFO: [IP_Flow 19-3420] Updated tcu_zyboz7_top_zyboz7_0_3 to use current project options
INFO: [xilinx.com:ip:smartconnect:1.0-1] tcu_zyboz7_smartconnect_3_1: SmartConnect tcu_zyboz7_smartconnect_3_1 is in Low-Area Mode.
WARNING: [xilinx.com:ip:smartconnect:1.0-1] tcu_zyboz7_smartconnect_3_1: IP tcu_zyboz7_smartconnect_3_1 is configured in Low-area mode as all propagated traffic is low-bandwidth (AXI4LITE). SI S00_AXI has property HAS_BURST == 1. WRAP bursts are not supported in Low-area mode and will result in DECERR if received.
WARNING: [xilinx.com:ip:smartconnect:1.0-1] tcu_zyboz7_smartconnect_3_1: If WRAP transactions are required then turn off Low-area mode using ADVANCED_PROPERTIES. Execute following: set_property CONFIG.ADVANCED_PROPERTIES {__experimental_features__ {disable_low_area_mode 1}} [get_bd_cells /tcu_zyboz7_smartconnect_3_1]
INFO: [xilinx.com:ip:smartconnect:1.0-1] tcu_zyboz7_smartconnect_2_1: SmartConnect tcu_zyboz7_smartconnect_2_1 is in High-performance Mode.
INFO: [xilinx.com:ip:smartconnect:1.0-1] tcu_zyboz7_smartconnect_0_0: SmartConnect tcu_zyboz7_smartconnect_0_0 is in High-performance Mode.
INFO: [xilinx.com:ip:smartconnect:1.0-1] tcu_zyboz7_smartconnect_1_1: SmartConnect tcu_zyboz7_smartconnect_1_1 is in High-performance Mode.
Wrote  : </home/lubin/deep-embedded-entomology/boards/zyboz7_tcu/hardware/zyboz7_tcu/zyboz7_tcu.srcs/sources_1/bd/tcu_zyboz7/tcu_zyboz7.bd> 
WARNING: [BD 41-2384] Width mismatch when connecting pin: '/smartconnect_0/S00_AXI_arlock'(1) to pin: '/top_zyboz7_0/m_axi_dram0_arlock'(2) - Only lower order bits will be connected.
WARNING: [BD 41-2384] Width mismatch when connecting pin: '/smartconnect_0/S00_AXI_awlock'(1) to pin: '/top_zyboz7_0/m_axi_dram0_awlock'(2) - Only lower order bits will be connected.
WARNING: [BD 41-2384] Width mismatch when connecting pin: '/smartconnect_1/S00_AXI_arlock'(1) to pin: '/top_zyboz7_0/m_axi_dram1_arlock'(2) - Only lower order bits will be connected.
WARNING: [BD 41-2384] Width mismatch when connecting pin: '/smartconnect_1/S00_AXI_awlock'(1) to pin: '/top_zyboz7_0/m_axi_dram1_awlock'(2) - Only lower order bits will be connected.
Verilog Output written to : /home/lubin/deep-embedded-entomology/boards/zyboz7_tcu/hardware/zyboz7_tcu/zyboz7_tcu.gen/sources_1/bd/tcu_zyboz7/synth/tcu_zyboz7.v
WARNING: [BD 41-2384] Width mismatch when connecting pin: '/smartconnect_0/S00_AXI_arlock'(1) to pin: '/top_zyboz7_0/m_axi_dram0_arlock'(2) - Only lower order bits will be connected.
WARNING: [BD 41-2384] Width mismatch when connecting pin: '/smartconnect_0/S00_AXI_awlock'(1) to pin: '/top_zyboz7_0/m_axi_dram0_awlock'(2) - Only lower order bits will be connected.
WARNING: [BD 41-2384] Width mismatch when connecting pin: '/smartconnect_1/S00_AXI_arlock'(1) to pin: '/top_zyboz7_0/m_axi_dram1_arlock'(2) - Only lower order bits will be connected.
WARNING: [BD 41-2384] Width mismatch when connecting pin: '/smartconnect_1/S00_AXI_awlock'(1) to pin: '/top_zyboz7_0/m_axi_dram1_awlock'(2) - Only lower order bits will be connected.
Verilog Output written to : /home/lubin/deep-embedded-entomology/boards/zyboz7_tcu/hardware/zyboz7_tcu/zyboz7_tcu.gen/sources_1/bd/tcu_zyboz7/sim/tcu_zyboz7.v
Verilog Output written to : /home/lubin/deep-embedded-entomology/boards/zyboz7_tcu/hardware/zyboz7_tcu/zyboz7_tcu.gen/sources_1/bd/tcu_zyboz7/hdl/tcu_zyboz7_wrapper.v
make_wrapper: Time (s): cpu = 00:00:07 ; elapsed = 00:00:09 . Memory (MB): peak = 2255.406 ; gain = 250.184 ; free physical = 176 ; free virtual = 5727
# set file "tcu_zyboz7/tcu_zyboz7.bd"
# set file_obj [get_files -of_objects [get_filesets sources_1] [list "*$file"]]
# set_property -name "registered_with_manager" -value "1" -objects $file_obj
# set obj [get_filesets sources_1]
# set_property -name "dataflow_viewer_settings" -value "min_width=16" -objects $obj
# set_property -name "top" -value "tcu_zyboz7_wrapper" -objects $obj
# set_property -name "top_auto_set" -value "0" -objects $obj
# if {[string equal [get_filesets -quiet constrs_1] ""]} {
#   create_fileset -constrset constrs_1
# }
# set obj [get_filesets constrs_1]
# set file "[file normalize ${origin_dir}/zyboz7_tcu.srcs/constrs_1/imports/Downloads/Zybo-Z7-Master.xdc]"
# set file_imported [import_files -fileset constrs_1 [list $file]]
# set file "Downloads/Zybo-Z7-Master.xdc"
# set file_obj [get_files -of_objects [get_filesets constrs_1] [list "*$file"]]
# set_property -name "file_type" -value "XDC" -objects $file_obj
# set obj [get_filesets constrs_1]
# set_property -name "target_part" -value "xc7z020clg400-1" -objects $obj
# if {[string equal [get_filesets -quiet sim_1] ""]} {
#   create_fileset -simset sim_1
# }
# set obj [get_filesets sim_1]
# set obj [get_filesets sim_1]
# set_property -name "top" -value "tcu_zyboz7_wrapper" -objects $obj
# set_property -name "top_auto_set" -value "0" -objects $obj
# set_property -name "top_lib" -value "xil_defaultlib" -objects $obj
# set obj [get_filesets utils_1]
# set files [list \
#  [file normalize "${origin_dir}/zyboz7_tcu.srcs/utils_1/imports/synth_1/tcu_zyboz7_wrapper.dcp"]\
# ]
# set imported_files [import_files -fileset utils_1 $files]
# set file "synth_1/tcu_zyboz7_wrapper.dcp"
# set file_obj [get_files -of_objects [get_filesets utils_1] [list "*$file"]]
# set_property -name "netlist_only" -value "0" -objects $file_obj
# set obj [get_filesets utils_1]
# set idrFlowPropertiesConstraints ""
# catch {
#  set idrFlowPropertiesConstraints [get_param runs.disableIDRFlowPropertyConstraints]
#  set_param runs.disableIDRFlowPropertyConstraints 1
# }
# if {[string equal [get_runs -quiet synth_1] ""]} {
#     create_run -name synth_1 -part xc7z020clg400-1 -flow {Vivado Synthesis 2022} -strategy "Flow_AreaMultThresholdDSP" -report_strategy {No Reports} -constrset constrs_1
# } else {
#   set_property strategy "Flow_AreaMultThresholdDSP" [get_runs synth_1]
#   set_property flow "Vivado Synthesis 2022" [get_runs synth_1]
# }
# set obj [get_runs synth_1]
# set_property set_report_strategy_name 1 $obj
# set_property report_strategy {Vivado Synthesis Default Reports} $obj
# set_property set_report_strategy_name 0 $obj
# if { [ string equal [get_report_configs -of_objects [get_runs synth_1] synth_1_synth_report_utilization_0] "" ] } {
#   create_report_config -report_name synth_1_synth_report_utilization_0 -report_type report_utilization:1.0 -steps synth_design -runs synth_1
# }
# set obj [get_report_configs -of_objects [get_runs synth_1] synth_1_synth_report_utilization_0]
# if { $obj != "" } {
# 
# }
# set obj [get_runs synth_1]
# set_property -name "part" -value "xc7z020clg400-1" -objects $obj
# set_property -name "incremental_checkpoint" -value "$proj_dir/zyboz7_tcu.srcs/utils_1/imports/synth_1/tcu_zyboz7_wrapper.dcp" -objects $obj
# set_property -name "auto_incremental_checkpoint" -value "1" -objects $obj
# set_property -name "strategy" -value "Flow_AreaMultThresholdDSP" -objects $obj
# set_property -name "steps.synth_design.args.directive" -value "AreaMultThresholdDSP" -objects $obj
# current_run -synthesis [get_runs synth_1]
# if {[string equal [get_runs -quiet impl_1] ""]} {
#     create_run -name impl_1 -part xc7z020clg400-1 -flow {Vivado Implementation 2022} -strategy "Vivado Implementation Defaults" -report_strategy {No Reports} -constrset constrs_1 -parent_run synth_1
# } else {
#   set_property strategy "Vivado Implementation Defaults" [get_runs impl_1]
#   set_property flow "Vivado Implementation 2022" [get_runs impl_1]
# }
# set obj [get_runs impl_1]
# set_property set_report_strategy_name 1 $obj
# set_property report_strategy {Vivado Implementation Default Reports} $obj
# set_property set_report_strategy_name 0 $obj
# if { [ string equal [get_report_configs -of_objects [get_runs impl_1] impl_1_init_report_timing_summary_0] "" ] } {
#   create_report_config -report_name impl_1_init_report_timing_summary_0 -report_type report_timing_summary:1.0 -steps init_design -runs impl_1
# }
# set obj [get_report_configs -of_objects [get_runs impl_1] impl_1_init_report_timing_summary_0]
# if { $obj != "" } {
# set_property -name "is_enabled" -value "0" -objects $obj
# set_property -name "options.max_paths" -value "10" -objects $obj
# set_property -name "options.report_unconstrained" -value "1" -objects $obj
# 
# }
# if { [ string equal [get_report_configs -of_objects [get_runs impl_1] impl_1_opt_report_drc_0] "" ] } {
#   create_report_config -report_name impl_1_opt_report_drc_0 -report_type report_drc:1.0 -steps opt_design -runs impl_1
# }
# set obj [get_report_configs -of_objects [get_runs impl_1] impl_1_opt_report_drc_0]
# if { $obj != "" } {
# 
# }
# if { [ string equal [get_report_configs -of_objects [get_runs impl_1] impl_1_opt_report_timing_summary_0] "" ] } {
#   create_report_config -report_name impl_1_opt_report_timing_summary_0 -report_type report_timing_summary:1.0 -steps opt_design -runs impl_1
# }
# set obj [get_report_configs -of_objects [get_runs impl_1] impl_1_opt_report_timing_summary_0]
# if { $obj != "" } {
# set_property -name "is_enabled" -value "0" -objects $obj
# set_property -name "options.max_paths" -value "10" -objects $obj
# set_property -name "options.report_unconstrained" -value "1" -objects $obj
# 
# }
# if { [ string equal [get_report_configs -of_objects [get_runs impl_1] impl_1_power_opt_report_timing_summary_0] "" ] } {
#   create_report_config -report_name impl_1_power_opt_report_timing_summary_0 -report_type report_timing_summary:1.0 -steps power_opt_design -runs impl_1
# }
# set obj [get_report_configs -of_objects [get_runs impl_1] impl_1_power_opt_report_timing_summary_0]
# if { $obj != "" } {
# set_property -name "is_enabled" -value "0" -objects $obj
# set_property -name "options.max_paths" -value "10" -objects $obj
# set_property -name "options.report_unconstrained" -value "1" -objects $obj
# 
# }
# if { [ string equal [get_report_configs -of_objects [get_runs impl_1] impl_1_place_report_io_0] "" ] } {
#   create_report_config -report_name impl_1_place_report_io_0 -report_type report_io:1.0 -steps place_design -runs impl_1
# }
# set obj [get_report_configs -of_objects [get_runs impl_1] impl_1_place_report_io_0]
# if { $obj != "" } {
# 
# }
# if { [ string equal [get_report_configs -of_objects [get_runs impl_1] impl_1_place_report_utilization_0] "" ] } {
#   create_report_config -report_name impl_1_place_report_utilization_0 -report_type report_utilization:1.0 -steps place_design -runs impl_1
# }
# set obj [get_report_configs -of_objects [get_runs impl_1] impl_1_place_report_utilization_0]
# if { $obj != "" } {
# 
# }
# if { [ string equal [get_report_configs -of_objects [get_runs impl_1] impl_1_place_report_control_sets_0] "" ] } {
#   create_report_config -report_name impl_1_place_report_control_sets_0 -report_type report_control_sets:1.0 -steps place_design -runs impl_1
# }
# set obj [get_report_configs -of_objects [get_runs impl_1] impl_1_place_report_control_sets_0]
# if { $obj != "" } {
# set_property -name "options.verbose" -value "1" -objects $obj
# 
# }
# if { [ string equal [get_report_configs -of_objects [get_runs impl_1] impl_1_place_report_incremental_reuse_0] "" ] } {
#   create_report_config -report_name impl_1_place_report_incremental_reuse_0 -report_type report_incremental_reuse:1.0 -steps place_design -runs impl_1
# }
# set obj [get_report_configs -of_objects [get_runs impl_1] impl_1_place_report_incremental_reuse_0]
# if { $obj != "" } {
# set_property -name "is_enabled" -value "0" -objects $obj
# 
# }
# if { [ string equal [get_report_configs -of_objects [get_runs impl_1] impl_1_place_report_incremental_reuse_1] "" ] } {
#   create_report_config -report_name impl_1_place_report_incremental_reuse_1 -report_type report_incremental_reuse:1.0 -steps place_design -runs impl_1
# }
# set obj [get_report_configs -of_objects [get_runs impl_1] impl_1_place_report_incremental_reuse_1]
# if { $obj != "" } {
# set_property -name "is_enabled" -value "0" -objects $obj
# 
# }
# if { [ string equal [get_report_configs -of_objects [get_runs impl_1] impl_1_place_report_timing_summary_0] "" ] } {
#   create_report_config -report_name impl_1_place_report_timing_summary_0 -report_type report_timing_summary:1.0 -steps place_design -runs impl_1
# }
# set obj [get_report_configs -of_objects [get_runs impl_1] impl_1_place_report_timing_summary_0]
# if { $obj != "" } {
# set_property -name "is_enabled" -value "0" -objects $obj
# set_property -name "options.max_paths" -value "10" -objects $obj
# set_property -name "options.report_unconstrained" -value "1" -objects $obj
# 
# }
# if { [ string equal [get_report_configs -of_objects [get_runs impl_1] impl_1_post_place_power_opt_report_timing_summary_0] "" ] } {
#   create_report_config -report_name impl_1_post_place_power_opt_report_timing_summary_0 -report_type report_timing_summary:1.0 -steps post_place_power_opt_design -runs impl_1
# }
# set obj [get_report_configs -of_objects [get_runs impl_1] impl_1_post_place_power_opt_report_timing_summary_0]
# if { $obj != "" } {
# set_property -name "is_enabled" -value "0" -objects $obj
# set_property -name "options.max_paths" -value "10" -objects $obj
# set_property -name "options.report_unconstrained" -value "1" -objects $obj
# 
# }
# if { [ string equal [get_report_configs -of_objects [get_runs impl_1] impl_1_phys_opt_report_timing_summary_0] "" ] } {
#   create_report_config -report_name impl_1_phys_opt_report_timing_summary_0 -report_type report_timing_summary:1.0 -steps phys_opt_design -runs impl_1
# }
# set obj [get_report_configs -of_objects [get_runs impl_1] impl_1_phys_opt_report_timing_summary_0]
# if { $obj != "" } {
# set_property -name "is_enabled" -value "0" -objects $obj
# set_property -name "options.max_paths" -value "10" -objects $obj
# set_property -name "options.report_unconstrained" -value "1" -objects $obj
# 
# }
# if { [ string equal [get_report_configs -of_objects [get_runs impl_1] impl_1_route_report_drc_0] "" ] } {
#   create_report_config -report_name impl_1_route_report_drc_0 -report_type report_drc:1.0 -steps route_design -runs impl_1
# }
# set obj [get_report_configs -of_objects [get_runs impl_1] impl_1_route_report_drc_0]
# if { $obj != "" } {
# 
# }
# if { [ string equal [get_report_configs -of_objects [get_runs impl_1] impl_1_route_report_methodology_0] "" ] } {
#   create_report_config -report_name impl_1_route_report_methodology_0 -report_type report_methodology:1.0 -steps route_design -runs impl_1
# }
# set obj [get_report_configs -of_objects [get_runs impl_1] impl_1_route_report_methodology_0]
# if { $obj != "" } {
# 
# }
# if { [ string equal [get_report_configs -of_objects [get_runs impl_1] impl_1_route_report_power_0] "" ] } {
#   create_report_config -report_name impl_1_route_report_power_0 -report_type report_power:1.0 -steps route_design -runs impl_1
# }
# set obj [get_report_configs -of_objects [get_runs impl_1] impl_1_route_report_power_0]
# if { $obj != "" } {
# 
# }
# if { [ string equal [get_report_configs -of_objects [get_runs impl_1] impl_1_route_report_route_status_0] "" ] } {
#   create_report_config -report_name impl_1_route_report_route_status_0 -report_type report_route_status:1.0 -steps route_design -runs impl_1
# }
# set obj [get_report_configs -of_objects [get_runs impl_1] impl_1_route_report_route_status_0]
# if { $obj != "" } {
# 
# }
# if { [ string equal [get_report_configs -of_objects [get_runs impl_1] impl_1_route_report_timing_summary_0] "" ] } {
#   create_report_config -report_name impl_1_route_report_timing_summary_0 -report_type report_timing_summary:1.0 -steps route_design -runs impl_1
# }
# set obj [get_report_configs -of_objects [get_runs impl_1] impl_1_route_report_timing_summary_0]
# if { $obj != "" } {
# set_property -name "options.max_paths" -value "10" -objects $obj
# set_property -name "options.report_unconstrained" -value "1" -objects $obj
# 
# }
# if { [ string equal [get_report_configs -of_objects [get_runs impl_1] impl_1_route_report_incremental_reuse_0] "" ] } {
#   create_report_config -report_name impl_1_route_report_incremental_reuse_0 -report_type report_incremental_reuse:1.0 -steps route_design -runs impl_1
# }
# set obj [get_report_configs -of_objects [get_runs impl_1] impl_1_route_report_incremental_reuse_0]
# if { $obj != "" } {
# 
# }
# if { [ string equal [get_report_configs -of_objects [get_runs impl_1] impl_1_route_report_clock_utilization_0] "" ] } {
#   create_report_config -report_name impl_1_route_report_clock_utilization_0 -report_type report_clock_utilization:1.0 -steps route_design -runs impl_1
# }
# set obj [get_report_configs -of_objects [get_runs impl_1] impl_1_route_report_clock_utilization_0]
# if { $obj != "" } {
# 
# }
# if { [ string equal [get_report_configs -of_objects [get_runs impl_1] impl_1_route_report_bus_skew_0] "" ] } {
#   create_report_config -report_name impl_1_route_report_bus_skew_0 -report_type report_bus_skew:1.1 -steps route_design -runs impl_1
# }
# set obj [get_report_configs -of_objects [get_runs impl_1] impl_1_route_report_bus_skew_0]
# if { $obj != "" } {
# set_property -name "options.warn_on_violation" -value "1" -objects $obj
# 
# }
# if { [ string equal [get_report_configs -of_objects [get_runs impl_1] impl_1_post_route_phys_opt_report_timing_summary_0] "" ] } {
#   create_report_config -report_name impl_1_post_route_phys_opt_report_timing_summary_0 -report_type report_timing_summary:1.0 -steps post_route_phys_opt_design -runs impl_1
# }
# set obj [get_report_configs -of_objects [get_runs impl_1] impl_1_post_route_phys_opt_report_timing_summary_0]
# if { $obj != "" } {
# set_property -name "options.max_paths" -value "10" -objects $obj
# set_property -name "options.report_unconstrained" -value "1" -objects $obj
# set_property -name "options.warn_on_violation" -value "1" -objects $obj
# 
# }
# if { [ string equal [get_report_configs -of_objects [get_runs impl_1] impl_1_post_route_phys_opt_report_bus_skew_0] "" ] } {
#   create_report_config -report_name impl_1_post_route_phys_opt_report_bus_skew_0 -report_type report_bus_skew:1.1 -steps post_route_phys_opt_design -runs impl_1
# }
# set obj [get_report_configs -of_objects [get_runs impl_1] impl_1_post_route_phys_opt_report_bus_skew_0]
# if { $obj != "" } {
# set_property -name "options.warn_on_violation" -value "1" -objects $obj
# 
# }
# set obj [get_runs impl_1]
# set_property -name "part" -value "xc7z020clg400-1" -objects $obj
# set_property -name "strategy" -value "Vivado Implementation Defaults" -objects $obj
# set_property -name "steps.write_bitstream.args.readback_file" -value "0" -objects $obj
# set_property -name "steps.write_bitstream.args.verbose" -value "0" -objects $obj
# current_run -implementation [get_runs impl_1]
# catch {
#  if { $idrFlowPropertiesConstraints != {} } {
#    set_param runs.disableIDRFlowPropertyConstraints $idrFlowPropertiesConstraints
#  }
# }
# puts "INFO: Project created:${_xil_proj_name_}"
INFO: Project created:zyboz7_tcu
# if {[string equal [get_dashboard_gadgets  [ list "drc_1" ] ] ""]} {
# create_dashboard_gadget -name {drc_1} -type drc
# }
# set obj [get_dashboard_gadgets [ list "drc_1" ] ]
# set_property -name "reports" -value "impl_1#impl_1_route_report_drc_0" -objects $obj
# if {[string equal [get_dashboard_gadgets  [ list "methodology_1" ] ] ""]} {
# create_dashboard_gadget -name {methodology_1} -type methodology
# }
# set obj [get_dashboard_gadgets [ list "methodology_1" ] ]
# set_property -name "reports" -value "impl_1#impl_1_route_report_methodology_0" -objects $obj
# if {[string equal [get_dashboard_gadgets  [ list "power_1" ] ] ""]} {
# create_dashboard_gadget -name {power_1} -type power
# }
# set obj [get_dashboard_gadgets [ list "power_1" ] ]
# set_property -name "reports" -value "impl_1#impl_1_route_report_power_0" -objects $obj
# if {[string equal [get_dashboard_gadgets  [ list "timing_1" ] ] ""]} {
# create_dashboard_gadget -name {timing_1} -type timing
# }
# set obj [get_dashboard_gadgets [ list "timing_1" ] ]
# set_property -name "reports" -value "impl_1#impl_1_route_report_timing_summary_0" -objects $obj
# if {[string equal [get_dashboard_gadgets  [ list "utilization_1" ] ] ""]} {
# create_dashboard_gadget -name {utilization_1} -type utilization
# }
# set obj [get_dashboard_gadgets [ list "utilization_1" ] ]
# set_property -name "reports" -value "synth_1#synth_1_synth_report_utilization_0" -objects $obj
# set_property -name "run.step" -value "synth_design" -objects $obj
# set_property -name "run.type" -value "synthesis" -objects $obj
# if {[string equal [get_dashboard_gadgets  [ list "utilization_2" ] ] ""]} {
# create_dashboard_gadget -name {utilization_2} -type utilization
# }
# set obj [get_dashboard_gadgets [ list "utilization_2" ] ]
# set_property -name "reports" -value "impl_1#impl_1_place_report_utilization_0" -objects $obj
# move_dashboard_gadget -name {utilization_1} -row 0 -col 0
# move_dashboard_gadget -name {power_1} -row 1 -col 0
# move_dashboard_gadget -name {drc_1} -row 2 -col 0
# move_dashboard_gadget -name {timing_1} -row 0 -col 1
# move_dashboard_gadget -name {utilization_2} -row 1 -col 1
# move_dashboard_gadget -name {methodology_1} -row 2 -col 1
INFO: [Common 17-206] Exiting Vivado at Tue Aug 20 14:51:37 2024...
